# JRE version: OpenJDK Runtime Environment (8.0_212-b04) (build 1.8.0_212-release-1586-b04)
# Java VM: OpenJDK 64-Bit Server VM (25.212-b04 mixed mode windows-amd64 compressed oops)
Heap:
 PSYoungGen      total 57344K, used 32768K [0x00000000fab00000, 0x0000000100000000, 0x0000000100000000)
  eden space 32768K, 100% used [0x00000000fab00000,0x00000000fcb00000,0x00000000fcb00000)
  from space 24576K, 0% used [0x00000000fcb00000,0x00000000fcb00000,0x00000000fe300000)
  to   space 25088K, 0% used [0x00000000fe780000,0x00000000fe780000,0x0000000100000000)
 ParOldGen       total 175104K, used 174803K [0x00000000f0000000, 0x00000000fab00000, 0x00000000fab00000)
  object space 175104K, 99% used [0x00000000f0000000,0x00000000faab4f48,0x00000000fab00000)
 Metaspace       used 85025K, capacity 88144K, committed 90112K, reserved 1126400K
  class space    used 11226K, capacity 11879K, committed 12288K, reserved 1048576K
GC Heap History (10 events):
Event: 224.823 GC heap after
Heap after GC invocations=69 (full 28):
 PSYoungGen      total 57344K, used 32725K [0x00000000fab00000, 0x0000000100000000, 0x0000000100000000)
  eden space 32768K, 99% used [0x00000000fab00000,0x00000000fcaf5400,0x00000000fcb00000)
  from space 24576K, 0% used [0x00000000fcb00000,0x00000000fcb00000,0x00000000fe300000)
  to   space 25088K, 0% used [0x00000000fe780000,0x00000000fe780000,0x0000000100000000)
 ParOldGen       total 175104K, used 174836K [0x00000000f0000000, 0x00000000fab00000, 0x00000000fab00000)
  object space 175104K, 99% used [0x00000000f0000000,0x00000000faabd020,0x00000000fab00000)
 Metaspace       used 85028K, capacity 88150K, committed 90112K, reserved 1126400K
  class space    used 11226K, capacity 11880K, committed 12288K, reserved 1048576K
}
Event: 224.826 GC heap before
{Heap before GC invocations=70 (full 29):
 PSYoungGen      total 57344K, used 32768K [0x00000000fab00000, 0x0000000100000000, 0x0000000100000000)
  eden space 32768K, 100% used [0x00000000fab00000,0x00000000fcb00000,0x00000000fcb00000)
  from space 24576K, 0% used [0x00000000fcb00000,0x00000000fcb00000,0x00000000fe300000)
  to   space 25088K, 0% used [0x00000000fe780000,0x00000000fe780000,0x0000000100000000)
 ParOldGen       total 175104K, used 174836K [0x00000000f0000000, 0x00000000fab00000, 0x00000000fab00000)
  object space 175104K, 99% used [0x00000000f0000000,0x00000000faabd020,0x00000000fab00000)
 Metaspace       used 85029K, capacity 88150K, committed 90112K, reserved 1126400K
  class space    used 11226K, capacity 11880K, committed 12288K, reserved 1048576K
Event: 225.678 GC heap after
Heap after GC invocations=70 (full 29):
 PSYoungGen      total 57344K, used 32725K [0x00000000fab00000, 0x0000000100000000, 0x0000000100000000)
  eden space 32768K, 99% used [0x00000000fab00000,0x00000000fcaf5760,0x00000000fcb00000)
  from space 24576K, 0% used [0x00000000fcb00000,0x00000000fcb00000,0x00000000fe300000)
  to   space 25088K, 0% used [0x00000000fe780000,0x00000000fe780000,0x0000000100000000)
 ParOldGen       total 175104K, used 174835K [0x00000000f0000000, 0x00000000fab00000, 0x00000000fab00000)
  object space 175104K, 99% used [0x00000000f0000000,0x00000000faabce98,0x00000000fab00000)
 Metaspace       used 85029K, capacity 88150K, committed 90112K, reserved 1126400K
  class space    used 11226K, capacity 11880K, committed 12288K, reserved 1048576K
}
Event: 225.682 GC heap before
{Heap before GC invocations=71 (full 30):
 PSYoungGen      total 57344K, used 32768K [0x00000000fab00000, 0x0000000100000000, 0x0000000100000000)
  eden space 32768K, 100% used [0x00000000fab00000,0x00000000fcb00000,0x00000000fcb00000)
  from space 24576K, 0% used [0x00000000fcb00000,0x00000000fcb00000,0x00000000fe300000)
  to   space 25088K, 0% used [0x00000000fe780000,0x00000000fe780000,0x0000000100000000)
 ParOldGen       total 175104K, used 174835K [0x00000000f0000000, 0x00000000fab00000, 0x00000000fab00000)
  object space 175104K, 99% used [0x00000000f0000000,0x00000000faabce98,0x00000000fab00000)
 Metaspace       used 85029K, capacity 88150K, committed 90112K, reserved 1126400K
  class space    used 11226K, capacity 11880K, committed 12288K, reserved 1048576K
Event: 226.487 GC heap after
Heap after GC invocations=71 (full 30):
 PSYoungGen      total 57344K, used 32747K [0x00000000fab00000, 0x0000000100000000, 0x0000000100000000)
  eden space 32768K, 99% used [0x00000000fab00000,0x00000000fcafac18,0x00000000fcb00000)
  from space 24576K, 0% used [0x00000000fcb00000,0x00000000fcb00000,0x00000000fe300000)
  to   space 25088K, 0% used [0x00000000fe780000,0x00000000fe780000,0x0000000100000000)
 ParOldGen       total 175104K, used 174835K [0x00000000f0000000, 0x00000000fab00000, 0x00000000fab00000)
  object space 175104K, 99% used [0x00000000f0000000,0x00000000faabce98,0x00000000fab00000)
 Metaspace       used 85029K, capacity 88150K, committed 90112K, reserved 1126400K
  class space    used 11226K, capacity 11880K, committed 12288K, reserved 1048576K
}
Event: 226.491 GC heap before
{Heap before GC invocations=72 (full 31):
 PSYoungGen      total 57344K, used 32768K [0x00000000fab00000, 0x0000000100000000, 0x0000000100000000)
  eden space 32768K, 100% used [0x00000000fab00000,0x00000000fcb00000,0x00000000fcb00000)
  from space 24576K, 0% used [0x00000000fcb00000,0x00000000fcb00000,0x00000000fe300000)
  to   space 25088K, 0% used [0x00000000fe780000,0x00000000fe780000,0x0000000100000000)
 ParOldGen       total 175104K, used 174835K [0x00000000f0000000, 0x00000000fab00000, 0x00000000fab00000)
  object space 175104K, 99% used [0x00000000f0000000,0x00000000faabce98,0x00000000fab00000)
 Metaspace       used 85029K, capacity 88150K, committed 90112K, reserved 1126400K
  class space    used 11226K, capacity 11880K, committed 12288K, reserved 1048576K
Event: 227.560 GC heap after
Heap after GC invocations=72 (full 31):
 PSYoungGen      total 57344K, used 32756K [0x00000000fab00000, 0x0000000100000000, 0x0000000100000000)
  eden space 32768K, 99% used [0x00000000fab00000,0x00000000fcafd328,0x00000000fcb00000)
  from space 24576K, 0% used [0x00000000fcb00000,0x00000000fcb00000,0x00000000fe300000)
  to   space 25088K, 0% used [0x00000000fe780000,0x00000000fe780000,0x0000000100000000)
 ParOldGen       total 175104K, used 174803K [0x00000000f0000000, 0x00000000fab00000, 0x00000000fab00000)
  object space 175104K, 99% used [0x00000000f0000000,0x00000000faab4f48,0x00000000fab00000)
 Metaspace       used 85025K, capacity 88144K, committed 90112K, reserved 1126400K
  class space    used 11226K, capacity 11879K, committed 12288K, reserved 1048576K
}
Event: 227.561 GC heap before
{Heap before GC invocations=73 (full 32):
 PSYoungGen      total 57344K, used 32768K [0x00000000fab00000, 0x0000000100000000, 0x0000000100000000)
  eden space 32768K, 100% used [0x00000000fab00000,0x00000000fcb00000,0x00000000fcb00000)
  from space 24576K, 0% used [0x00000000fcb00000,0x00000000fcb00000,0x00000000fe300000)
  to   space 25088K, 0% used [0x00000000fe780000,0x00000000fe780000,0x0000000100000000)
 ParOldGen       total 175104K, used 174803K [0x00000000f0000000, 0x00000000fab00000, 0x00000000fab00000)
  object space 175104K, 99% used [0x00000000f0000000,0x00000000faab4f48,0x00000000fab00000)
 Metaspace       used 85025K, capacity 88144K, committed 90112K, reserved 1126400K
  class space    used 11226K, capacity 11879K, committed 12288K, reserved 1048576K
Event: 228.386 GC heap after
Heap after GC invocations=73 (full 32):
 PSYoungGen      total 57344K, used 32761K [0x00000000fab00000, 0x0000000100000000, 0x0000000100000000)
  eden space 32768K, 99% used [0x00000000fab00000,0x00000000fcafe7d0,0x00000000fcb00000)
  from space 24576K, 0% used [0x00000000fcb00000,0x00000000fcb00000,0x00000000fe300000)
  to   space 25088K, 0% used [0x00000000fe780000,0x00000000fe780000,0x0000000100000000)
 ParOldGen       total 175104K, used 174803K [0x00000000f0000000, 0x00000000fab00000, 0x00000000fab00000)
  object space 175104K, 99% used [0x00000000f0000000,0x00000000faab4f48,0x00000000fab00000)
 Metaspace       used 85025K, capacity 88144K, committed 90112K, reserved 1126400K
  class space    used 11226K, capacity 11879K, committed 12288K, reserved 1048576K
}
Event: 228.387 GC heap before
{Heap before GC invocations=74 (full 33):
 PSYoungGen      total 57344K, used 32768K [0x00000000fab00000, 0x0000000100000000, 0x0000000100000000)
  eden space 32768K, 100% used [0x00000000fab00000,0x00000000fcb00000,0x00000000fcb00000)
  from space 24576K, 0% used [0x00000000fcb00000,0x00000000fcb00000,0x00000000fe300000)
  to   space 25088K, 0% used [0x00000000fe780000,0x00000000fe780000,0x0000000100000000)
 ParOldGen       total 175104K, used 174803K [0x00000000f0000000, 0x00000000fab00000, 0x00000000fab00000)
  object space 175104K, 99% used [0x00000000f0000000,0x00000000faab4f48,0x00000000fab00000)
 Metaspace       used 85025K, capacity 88144K, committed 90112K, reserved 1126400K
  class space    used 11226K, capacity 11879K, committed 12288K, reserved 1048576K

